TN:
SF:src\api.ts
FN:46,(anonymous_0)
FN:61,(anonymous_1)
FN:75,(anonymous_2)
FNF:3
FNH:3
FNDA:7,(anonymous_0)
FNDA:2,(anonymous_1)
FNDA:8,(anonymous_2)
DA:5,2
DA:43,2
DA:47,7
DA:48,7
DA:49,7
DA:51,7
DA:62,2
DA:63,2
DA:64,2
DA:65,1
DA:69,1
DA:70,0
DA:72,1
DA:76,8
DA:77,8
DA:78,8
DA:79,1
DA:83,7
DA:84,0
DA:86,7
LF:20
LH:18
BRDA:64,0,0,1
BRDA:69,1,0,0
BRDA:78,2,0,1
BRDA:83,3,0,0
BRF:4
BRH:2
end_of_record
TN:
SF:src\comment.ts
FN:13,postOrUpdateComment
FN:40,(anonymous_10)
FNF:2
FNH:0
FNDA:0,postOrUpdateComment
FNDA:0,(anonymous_10)
DA:8,0
DA:9,0
DA:11,0
DA:13,0
DA:14,0
DA:15,0
DA:16,0
DA:17,0
DA:20,0
DA:21,0
DA:23,0
DA:24,0
DA:25,0
DA:28,0
DA:29,0
DA:31,0
DA:34,0
DA:40,0
DA:41,0
DA:44,0
DA:45,0
DA:51,0
DA:53,0
DA:59,0
LF:24
LH:0
BRDA:14,0,0,0
BRDA:14,0,1,0
BRDA:15,1,0,0
BRDA:23,2,0,0
BRDA:41,3,0,0
BRDA:41,3,1,0
BRDA:44,4,0,0
BRDA:44,4,1,0
BRF:8
BRH:0
end_of_record
TN:
SF:src\main.ts
FN:11,run
FN:48,(anonymous_10)
FNF:2
FNH:0
FNDA:0,run
FNDA:0,(anonymous_10)
DA:5,0
DA:6,0
DA:7,0
DA:8,0
DA:9,0
DA:12,0
DA:14,0
DA:15,0
DA:16,0
DA:17,0
DA:18,0
DA:19,0
DA:20,0
DA:21,0
DA:22,0
DA:25,0
DA:26,0
DA:27,0
DA:28,0
DA:29,0
DA:32,0
DA:33,0
DA:36,0
DA:39,0
DA:43,0
DA:44,0
DA:45,0
DA:46,0
DA:47,0
DA:48,0
DA:49,0
DA:53,0
DA:59,0
DA:60,0
DA:68,0
DA:69,0
DA:72,0
DA:77,0
DA:78,0
DA:83,0
DA:84,0
DA:85,0
DA:88,0
DA:89,0
DA:93,0
DA:94,0
DA:95,0
DA:98,0
DA:99,0
DA:100,0
DA:104,0
DA:107,0
DA:109,0
DA:110,0
DA:112,0
DA:117,0
LF:56
LH:0
BRDA:16,0,0,0
BRDA:16,0,1,0
BRDA:17,1,0,0
BRDA:17,1,1,0
BRDA:18,2,0,0
BRDA:18,2,1,0
BRDA:19,3,0,0
BRDA:19,3,1,0
BRDA:20,4,0,0
BRDA:20,4,1,0
BRDA:28,5,0,0
BRDA:33,6,0,0
BRDA:33,6,1,0
BRDA:39,7,0,0
BRDA:39,8,0,0
BRDA:39,8,1,0
BRDA:44,9,0,0
BRDA:47,10,0,0
BRDA:49,11,0,0
BRDA:49,11,1,0
BRDA:49,12,0,0
BRDA:49,12,1,0
BRDA:49,13,0,0
BRDA:49,13,1,0
BRDA:84,14,0,0
BRDA:84,14,1,0
BRDA:85,15,0,0
BRDA:85,15,1,0
BRDA:88,16,0,0
BRDA:88,17,0,0
BRDA:88,17,1,0
BRDA:93,18,0,0
BRDA:98,19,0,0
BRDA:98,20,0,0
BRDA:98,20,1,0
BRDA:99,21,0,0
BRDA:99,21,1,0
BRDA:109,22,0,0
BRDA:109,22,1,0
BRF:39
BRH:0
end_of_record
TN:
SF:src\poll.ts
FN:20,pollUntilTerminal
FN:52,sleep
FN:53,(anonymous_2)
FNF:3
FNH:3
FNDA:3,pollUntilTerminal
FNDA:3,sleep
FNDA:3,(anonymous_2)
DA:7,1
DA:20,1
DA:25,3
DA:26,3
DA:27,3
DA:29,3
DA:30,6
DA:31,6
DA:33,6
DA:34,2
DA:41,4
DA:42,1
DA:48,3
DA:53,3
LF:14
LH:14
BRDA:33,0,0,2
BRDA:41,1,0,1
BRF:2
BRH:2
end_of_record
